<?xml version="1.0" encoding="UTF-8"?>
<testsuite xmlns:xsi="http://www.w3.org/2001/XMLSchema-instance" xsi:noNamespaceSchemaLocation="https://maven.apache.org/surefire/maven-failsafe-plugin/xsd/failsafe-test-report-3.0.xsd" version="3.0" name="starter.CucumberTestSuite" time="57.505" tests="9" errors="0" skipped="0" failures="0">
  <properties>
[...]
</properties>
  <testcase name="user on dashboard for login" classname="As a user i can login with valid credential" time="29.113">
    <system-out><![CDATA[20:22:19.401 [main] DEBUG net.thucydides.core.guice.Injectors - Created injector for module net.thucydides.core.guice.ThucydidesModule
20:22:20.307 [main] DEBUG io.cucumber.core.plugin.SerenityReporter - Running feature from file:///C:/Users/zulfa/IdeaProjects/Mobile%20-%20MP/src/test/resources/features/AddProductToCart.feature
20:22:20.846 [main] DEBUG net.thucydides.core.guice.Injectors - Created injector for module net.thucydides.core.guice.webdriver.WebDriverModule
20:22:20.890 [main] INFO  - 

-------------------------------------------------------------------------------------
     _______. _______ .______       _______ .__   __.  __  .___________.____    ____ 
    /       ||   ____||   _  \     |   ____||  \ |  | |  | |           |\   \  /   / 
   |   (----`|  |__   |  |_)  |    |  |__   |   \|  | |  | `---|  |----` \   \/   /  
    \   \    |   __|  |      /     |   __|  |  . `  | |  |     |  |       \_    _/   
.----)   |   |  |____ |  |\  \----.|  |____ |  |\   | |  |     |  |         |  |     
|_______/    |_______|| _| `._____||_______||__| \__| |__|     |__|         |__|    
                                                                                     
 News and tutorials at http://www.serenity-bdd.info                                  
 Documentation at https://wakaleo.gitbooks.io/the-serenity-book/content/             
 Join the Serenity Community on Gitter: https://gitter.im/serenity-bdd/serenity-core 
 Serenity BDD Support and Training at http://serenity-bdd.info/#/trainingandsupport  
-------------------------------------------------------------------------------------

20:22:20.895 [main] DEBUG net.thucydides.core.steps.StepEventBus - Test suite started for story net.thucydides.core.model.Story@c2e69ff9
20:22:20.898 [main] INFO  - Test Suite Started: As a user i have be able to add product to cart so that i can see product on cart
20:22:20.950 [main] DEBUG io.cucumber.core.plugin.SerenityReporter - Running feature from file:///C:/Users/zulfa/IdeaProjects/Mobile%20-%20MP/src/test/resources/features/Login.feature
20:22:20.962 [main] DEBUG net.thucydides.core.steps.StepEventBus - Test suite started for story net.thucydides.core.model.Story@a077a8ae
20:22:20.963 [main] INFO  - Test Suite Started: As a user i have be able to login so that i can see home screen
20:22:20.964 [main] DEBUG io.cucumber.core.plugin.SerenityReporter - Running feature from file:///C:/Users/zulfa/IdeaProjects/Mobile%20-%20MP/src/test/resources/features/Register.feature
20:22:20.976 [main] DEBUG net.thucydides.core.steps.StepEventBus - Test suite started for story net.thucydides.core.model.Story@640197e1
20:22:20.977 [main] INFO  - Test Suite Started: As a user i have be able to resgister so that i can see home screen
20:22:20.978 [main] DEBUG io.cucumber.core.plugin.SerenityReporter - Running feature from file:///C:/Users/zulfa/IdeaProjects/Mobile%20-%20MP/src/test/resources/features/Login.feature
20:22:20.983 [main] DEBUG net.thucydides.core.steps.StepEventBus - Test suite started for story net.thucydides.core.model.Story@a077a8ae
20:22:20.984 [main] INFO  - Test Suite Started: As a user i have be able to login so that i can see home screen
20:22:21.243 [main] DEBUG io.cucumber.core.plugin.SerenityReporter - Running feature from file:///C:/Users/zulfa/IdeaProjects/Mobile%20-%20MP/src/test/resources/features/Login.feature
20:22:21.584 [main] INFO  - 
  _____   ___   ___   _____     ___   _____     _     ___   _____   ___   ___  
 |_   _| | __| / __| |_   _|   / __| |_   _|   /_\   | _ \ |_   _| | __| |   \ 
   | |   | _|  \__ \   | |     \__ \   | |    / _ \  |   /   | |   | _|  | |) |
   |_|   |___| |___/   |_|     |___/   |_|   /_/ \_\ |_|_\   |_|   |___| |___/ 

As a user i can login with valid credential(as-a-user-i-have-be-able-to-login-so-that-i-can-see-home-screen;as-a-user-i-can-login-with-valid-credential)
--------------------------------------------------------------------------------
20:22:21.762 [main] DEBUG net.thucydides.core.requirements.model.cucumber.CucumberParser - Loading feature C:\Users\zulfa\IdeaProjects\Mobile - MP\src\test\resources\features\AddProductToCart.feature
20:22:21.807 [main] DEBUG net.thucydides.core.requirements.model.cucumber.CucumberParser - Loading feature C:\Users\zulfa\IdeaProjects\Mobile - MP\src\test\resources\features\Login.feature
20:22:21.830 [main] DEBUG net.thucydides.core.requirements.model.cucumber.CucumberParser - Loading feature C:\Users\zulfa\IdeaProjects\Mobile - MP\src\test\resources\features\Register.feature
20:22:23.809 [main] DEBUG net.thucydides.core.steps.StepInterceptor - STARTING STEP: UserSteps.userOnLoginPageForLogin - onDashboard
20:22:24.190 [main] DEBUG io.netty.util.internal.logging.InternalLoggerFactory - Using SLF4J as the default logging framework
20:22:24.205 [main] DEBUG io.netty.util.ResourceLeakDetector - -Dio.netty.leakDetection.level: simple
20:22:24.205 [main] DEBUG io.netty.util.ResourceLeakDetector - -Dio.netty.leakDetection.targetRecords: 4
20:22:24.217 [main] DEBUG io.netty.util.ResourceLeakDetectorFactory - Loaded default ResourceLeakDetector: io.netty.util.ResourceLeakDetector@67efd2c2
20:22:24.283 [main] DEBUG io.netty.util.internal.PlatformDependent0 - -Dio.netty.noUnsafe: false
20:22:24.283 [main] DEBUG io.netty.util.internal.PlatformDependent0 - Java version: 8
20:22:24.286 [main] DEBUG io.netty.util.internal.PlatformDependent0 - sun.misc.Unsafe.theUnsafe: available
20:22:24.288 [main] DEBUG io.netty.util.internal.PlatformDependent0 - sun.misc.Unsafe.copyMemory: available
20:22:24.290 [main] DEBUG io.netty.util.internal.PlatformDependent0 - sun.misc.Unsafe.storeFence: available
20:22:24.291 [main] DEBUG io.netty.util.internal.PlatformDependent0 - java.nio.Buffer.address: available
20:22:24.294 [main] DEBUG io.netty.util.internal.PlatformDependent0 - direct buffer constructor: available
20:22:24.298 [main] DEBUG io.netty.util.internal.PlatformDependent0 - java.nio.Bits.unaligned: available, true
20:22:24.299 [main] DEBUG io.netty.util.internal.PlatformDependent0 - jdk.internal.misc.Unsafe.allocateUninitializedArray(int): unavailable prior to Java9
20:22:24.300 [main] DEBUG io.netty.util.internal.PlatformDependent0 - java.nio.DirectByteBuffer.<init>(long, int): available
20:22:24.301 [main] DEBUG io.netty.util.internal.PlatformDependent - sun.misc.Unsafe: available
20:22:24.303 [main] DEBUG io.netty.util.internal.PlatformDependent - -Dio.netty.tmpdir: C:\Users\zulfa\AppData\Local\Temp (java.io.tmpdir)
20:22:24.303 [main] DEBUG io.netty.util.internal.PlatformDependent - -Dio.netty.bitMode: 64 (sun.arch.data.model)
20:22:24.303 [main] DEBUG io.netty.util.internal.PlatformDependent - Platform: Windows
20:22:24.305 [main] DEBUG io.netty.util.internal.PlatformDependent - -Dio.netty.maxDirectMemory: 2837446656 bytes
20:22:24.306 [main] DEBUG io.netty.util.internal.PlatformDependent - -Dio.netty.uninitializedArrayAllocationThreshold: -1
20:22:24.310 [main] DEBUG io.netty.util.internal.CleanerJava6 - java.nio.ByteBuffer.cleaner(): available
20:22:24.310 [main] DEBUG io.netty.util.internal.PlatformDependent - -Dio.netty.noPreferDirect: false
20:22:24.340 [main] DEBUG io.netty.util.internal.PlatformDependent - org.jctools-core.MpscChunkedArrayQueue: available
20:22:24.440 [main] DEBUG io.netty.util.internal.InternalThreadLocalMap - -Dio.netty.threadLocalMap.stringBuilder.initialSize: 1024
20:22:24.440 [main] DEBUG io.netty.util.internal.InternalThreadLocalMap - -Dio.netty.threadLocalMap.stringBuilder.maxSize: 4096
20:22:25.282 [main] DEBUG io.netty.handler.ssl.JdkSslContext - Default protocols (JDK): [TLSv1.2, TLSv1.1, TLSv1] 
20:22:25.283 [main] DEBUG io.netty.handler.ssl.JdkSslContext - Default cipher suites (JDK): [TLS_ECDHE_ECDSA_WITH_AES_256_GCM_SHA384, TLS_ECDHE_ECDSA_WITH_AES_128_GCM_SHA256, TLS_ECDHE_RSA_WITH_AES_128_GCM_SHA256, TLS_ECDHE_RSA_WITH_AES_256_GCM_SHA384, TLS_ECDHE_RSA_WITH_AES_128_CBC_SHA, TLS_ECDHE_RSA_WITH_AES_256_CBC_SHA, TLS_RSA_WITH_AES_128_GCM_SHA256, TLS_RSA_WITH_AES_128_CBC_SHA, TLS_RSA_WITH_AES_256_CBC_SHA]
20:22:25.332 [main] DEBUG io.netty.util.concurrent.GlobalEventExecutor - -Dio.netty.globalEventExecutor.quietPeriodSeconds: 1
20:22:25.396 [main] DEBUG io.netty.channel.MultithreadEventLoopGroup - -Dio.netty.eventLoopThreads: 8
20:22:25.434 [main] DEBUG io.netty.channel.nio.NioEventLoop - -Dio.netty.noKeySetOptimization: false
20:22:25.434 [main] DEBUG io.netty.channel.nio.NioEventLoop - -Dio.netty.selectorAutoRebuildThreshold: 512
20:22:25.535 [main] DEBUG io.netty.buffer.PooledByteBufAllocator - -Dio.netty.allocator.numHeapArenas: 8
20:22:25.535 [main] DEBUG io.netty.buffer.PooledByteBufAllocator - -Dio.netty.allocator.numDirectArenas: 8
20:22:25.536 [main] DEBUG io.netty.buffer.PooledByteBufAllocator - -Dio.netty.allocator.pageSize: 8192
20:22:25.536 [main] DEBUG io.netty.buffer.PooledByteBufAllocator - -Dio.netty.allocator.maxOrder: 9
20:22:25.536 [main] DEBUG io.netty.buffer.PooledByteBufAllocator - -Dio.netty.allocator.chunkSize: 4194304
20:22:25.537 [main] DEBUG io.netty.buffer.PooledByteBufAllocator - -Dio.netty.allocator.smallCacheSize: 256
20:22:25.537 [main] DEBUG io.netty.buffer.PooledByteBufAllocator - -Dio.netty.allocator.normalCacheSize: 64
20:22:25.537 [main] DEBUG io.netty.buffer.PooledByteBufAllocator - -Dio.netty.allocator.maxCachedBufferCapacity: 32768
20:22:25.537 [main] DEBUG io.netty.buffer.PooledByteBufAllocator - -Dio.netty.allocator.cacheTrimInterval: 8192
20:22:25.537 [main] DEBUG io.netty.buffer.PooledByteBufAllocator - -Dio.netty.allocator.cacheTrimIntervalMillis: 0
20:22:25.537 [main] DEBUG io.netty.buffer.PooledByteBufAllocator - -Dio.netty.allocator.useCacheForAllThreads: false
20:22:25.537 [main] DEBUG io.netty.buffer.PooledByteBufAllocator - -Dio.netty.allocator.maxCachedByteBuffersPerChunk: 1023
20:22:25.568 [main] DEBUG io.netty.buffer.ByteBufUtil - -Dio.netty.allocator.type: pooled
20:22:25.569 [main] DEBUG io.netty.buffer.ByteBufUtil - -Dio.netty.threadLocalDirectBufferSize: 0
20:22:25.569 [main] DEBUG io.netty.buffer.ByteBufUtil - -Dio.netty.maxThreadLocalCharBufferSize: 16384
20:22:26.204 [Forwarding newSession on session null to remote] DEBUG io.netty.channel.DefaultChannelId - -Dio.netty.processId: 14528 (auto-detected)
20:22:26.209 [Forwarding newSession on session null to remote] DEBUG io.netty.util.NetUtil - -Djava.net.preferIPv4Stack: false
20:22:26.209 [Forwarding newSession on session null to remote] DEBUG io.netty.util.NetUtil - -Djava.net.preferIPv6Addresses: false
20:22:26.593 [Forwarding newSession on session null to remote] DEBUG io.netty.util.NetUtilInitializations - Loopback interface: lo (Software Loopback Interface 1, 127.0.0.1)
20:22:26.596 [Forwarding newSession on session null to remote] DEBUG io.netty.util.NetUtil - Failed to get SOMAXCONN from sysctl and file \proc\sys\net\core\somaxconn. Default: 200
20:22:26.619 [Forwarding newSession on session null to remote] DEBUG io.netty.channel.DefaultChannelId - -Dio.netty.machineId: 24:41:8c:ff:fe:5c:5a:c1 (auto-detected)
20:22:26.797 [AsyncHttpClient-1-2] DEBUG io.netty.buffer.AbstractByteBuf - -Dio.netty.buffer.checkAccessible: true
20:22:26.797 [AsyncHttpClient-1-2] DEBUG io.netty.buffer.AbstractByteBuf - -Dio.netty.buffer.checkBounds: true
20:22:26.797 [AsyncHttpClient-1-2] DEBUG io.netty.util.ResourceLeakDetectorFactory - Loaded default ResourceLeakDetector: io.netty.util.ResourceLeakDetector@289d5685
20:22:26.862 [AsyncHttpClient-1-2] DEBUG org.asynchttpclient.netty.channel.NettyConnectListener - Using new Channel '[id: 0x40f87952, L:/192.168.56.1:54510 - R:/0.0.0.0:4723]' for 'POST' to '/wd/hub/session'
20:22:26.916 [AsyncHttpClient-1-2] DEBUG io.netty.util.Recycler - -Dio.netty.recycler.maxCapacityPerThread: 4096
20:22:26.917 [AsyncHttpClient-1-2] DEBUG io.netty.util.Recycler - -Dio.netty.recycler.ratio: 8
20:22:26.917 [AsyncHttpClient-1-2] DEBUG io.netty.util.Recycler - -Dio.netty.recycler.chunkSize: 32
20:22:26.917 [AsyncHttpClient-1-2] DEBUG io.netty.util.Recycler - -Dio.netty.recycler.blocking: false
20:22:26.917 [AsyncHttpClient-1-2] DEBUG io.netty.util.Recycler - -Dio.netty.recycler.batchFastThreadLocalOnly: true
20:22:48.414 [AsyncHttpClient-1-2] DEBUG io.netty.handler.codec.compression.Brotli - brotli4j not in the classpath; Brotli support will be unavailable.
20:22:48.415 [AsyncHttpClient-1-2] DEBUG org.asynchttpclient.netty.handler.HttpHandler - 

Request DefaultHttpRequest(decodeResult: success, version: HTTP/1.1)
POST /wd/hub/session HTTP/1.1
X-Idempotency-Key: 0b580e01-9417-4ce3-b126-3adae96f000c
User-Agent: appium/8.3.0 (selenium/4.8.1 (java windows))
Content-Length: 308
Content-Type: application/json; charset=utf-8
host: 0.0.0.0:4723
accept: */*

Response DefaultHttpResponse(decodeResult: success, version: HTTP/1.1)
HTTP/1.1 200 OK
X-Powered-By: Express
Vary: X-HTTP-Method-Override
Content-Type: application/json; charset=utf-8
Content-Length: 936
ETag: W/"3a8-EBX06UsFhDGq9xTODwMf9g9dXFk"
Date: Fri, 12 May 2023 13:22:48 GMT
Connection: keep-alive
Keep-Alive: timeout=600

20:22:48.444 [AsyncHttpClient-1-2] DEBUG org.asynchttpclient.netty.channel.ChannelManager - Adding key: http://0.0.0.0:4723 for channel [id: 0x40f87952, L:/192.168.56.1:54510 - R:/0.0.0.0:4723]
20:22:48.782 [Forwarding setTimeout on session 4809d82c-12fe-4ef0-8dbe-5f1d9ffb354f to remote] DEBUG org.asynchttpclient.netty.request.NettyRequestSender - Using pooled Channel '[id: 0x40f87952, L:/192.168.56.1:54510 - R:/0.0.0.0:4723]' for 'POST' to 'http://0.0.0.0:4723/wd/hub/session/4809d82c-12fe-4ef0-8dbe-5f1d9ffb354f/timeouts'
20:22:48.782 [Forwarding setTimeout on session 4809d82c-12fe-4ef0-8dbe-5f1d9ffb354f to remote] DEBUG org.asynchttpclient.netty.request.NettyRequestSender - Using open Channel [id: 0x40f87952, L:/192.168.56.1:54510 - R:/0.0.0.0:4723] for POST '/wd/hub/session/4809d82c-12fe-4ef0-8dbe-5f1d9ffb354f/timeouts'
20:22:48.799 [AsyncHttpClient-1-2] DEBUG org.asynchttpclient.netty.handler.HttpHandler - 

Request DefaultHttpRequest(decodeResult: success, version: HTTP/1.1)
POST /wd/hub/session/4809d82c-12fe-4ef0-8dbe-5f1d9ffb354f/timeouts HTTP/1.1
User-Agent: appium/8.3.0 (selenium/4.8.1 (java windows))
Content-Length: 23
Content-Type: application/json; charset=utf-8
host: 0.0.0.0:4723
accept: */*

Response DefaultHttpResponse(decodeResult: success, version: HTTP/1.1)
HTTP/1.1 200 OK
X-Powered-By: Express
Vary: X-HTTP-Method-Override
Content-Type: application/json; charset=utf-8
Content-Length: 14
ETag: W/"e-9/1BuKMgFObM1mWJm+YjxtXJnUM"
Date: Fri, 12 May 2023 13:22:48 GMT
Connection: keep-alive
Keep-Alive: timeout=600

20:22:48.802 [AsyncHttpClient-1-2] DEBUG org.asynchttpclient.netty.channel.ChannelManager - Adding key: http://0.0.0.0:4723 for channel [id: 0x40f87952, L:/192.168.56.1:54510 - R:/0.0.0.0:4723]
20:22:48.827 [Forwarding findElement on session 4809d82c-12fe-4ef0-8dbe-5f1d9ffb354f to remote] DEBUG org.asynchttpclient.netty.request.NettyRequestSender - Using pooled Channel '[id: 0x40f87952, L:/192.168.56.1:54510 - R:/0.0.0.0:4723]' for 'POST' to 'http://0.0.0.0:4723/wd/hub/session/4809d82c-12fe-4ef0-8dbe-5f1d9ffb354f/element'
20:22:48.828 [Forwarding findElement on session 4809d82c-12fe-4ef0-8dbe-5f1d9ffb354f to remote] DEBUG org.asynchttpclient.netty.request.NettyRequestSender - Using open Channel [id: 0x40f87952, L:/192.168.56.1:54510 - R:/0.0.0.0:4723] for POST '/wd/hub/session/4809d82c-12fe-4ef0-8dbe-5f1d9ffb354f/element'
20:22:50.778 [AsyncHttpClient-1-2] DEBUG org.asynchttpclient.netty.handler.HttpHandler - 

Request DefaultHttpRequest(decodeResult: success, version: HTTP/1.1)
POST /wd/hub/session/4809d82c-12fe-4ef0-8dbe-5f1d9ffb354f/element HTTP/1.1
User-Agent: appium/8.3.0 (selenium/4.8.1 (java windows))
Content-Length: 326
Content-Type: application/json; charset=utf-8
host: 0.0.0.0:4723
accept: */*

Response DefaultHttpResponse(decodeResult: success, version: HTTP/1.1)
HTTP/1.1 200 OK
X-Powered-By: Express
Vary: X-HTTP-Method-Override
Content-Type: application/json; charset=utf-8
Content-Length: 137
ETag: W/"89-OHwG5RWTzAp7rs1HjSJ4aBKDYsk"
Date: Fri, 12 May 2023 13:22:50 GMT
Connection: keep-alive
Keep-Alive: timeout=600

20:22:50.779 [AsyncHttpClient-1-2] DEBUG org.asynchttpclient.netty.channel.ChannelManager - Adding key: http://0.0.0.0:4723 for channel [id: 0x40f87952, L:/192.168.56.1:54510 - R:/0.0.0.0:4723]
20:22:50.799 [Forwarding isElementDisplayed on session 4809d82c-12fe-4ef0-8dbe-5f1d9ffb354f to remote] DEBUG org.asynchttpclient.netty.request.NettyRequestSender - Using pooled Channel '[id: 0x40f87952, L:/192.168.56.1:54510 - R:/0.0.0.0:4723]' for 'GET' to 'http://0.0.0.0:4723/wd/hub/session/4809d82c-12fe-4ef0-8dbe-5f1d9ffb354f/element/00000000-0000-0653-0000-000700000000/displayed'
20:22:50.801 [Forwarding isElementDisplayed on session 4809d82c-12fe-4ef0-8dbe-5f1d9ffb354f to remote] DEBUG org.asynchttpclient.netty.request.NettyRequestSender - Using open Channel [id: 0x40f87952, L:/192.168.56.1:54510 - R:/0.0.0.0:4723] for GET '/wd/hub/session/4809d82c-12fe-4ef0-8dbe-5f1d9ffb354f/element/00000000-0000-0653-0000-000700000000/displayed'
20:22:50.914 [AsyncHttpClient-1-2] DEBUG org.asynchttpclient.netty.handler.HttpHandler - 

Request DefaultFullHttpRequest(decodeResult: success, version: HTTP/1.1, content: EmptyByteBufBE)
GET /wd/hub/session/4809d82c-12fe-4ef0-8dbe-5f1d9ffb354f/element/00000000-0000-0653-0000-000700000000/displayed HTTP/1.1
User-Agent: appium/8.3.0 (selenium/4.8.1 (java windows))
Cache-Control: no-cache
Content-Type: application/json; charset=utf-8
host: 0.0.0.0:4723
accept: */*

Response DefaultHttpResponse(decodeResult: success, version: HTTP/1.1)
HTTP/1.1 200 OK
X-Powered-By: Express
Content-Type: application/json; charset=utf-8
Content-Length: 14
ETag: W/"e-2ZHvAWebNQpyjGZTg6uyV8/spTo"
Date: Fri, 12 May 2023 13:22:50 GMT
Connection: keep-alive
Keep-Alive: timeout=600

20:22:50.916 [AsyncHttpClient-1-2] DEBUG org.asynchttpclient.netty.channel.ChannelManager - Adding key: http://0.0.0.0:4723 for channel [id: 0x40f87952, L:/192.168.56.1:54510 - R:/0.0.0.0:4723]
20:22:50.928 [Forwarding isElementDisplayed on session 4809d82c-12fe-4ef0-8dbe-5f1d9ffb354f to remote] DEBUG org.asynchttpclient.netty.request.NettyRequestSender - Using pooled Channel '[id: 0x40f87952, L:/192.168.56.1:54510 - R:/0.0.0.0:4723]' for 'GET' to 'http://0.0.0.0:4723/wd/hub/session/4809d82c-12fe-4ef0-8dbe-5f1d9ffb354f/element/00000000-0000-0653-0000-000700000000/displayed'
20:22:50.929 [Forwarding isElementDisplayed on session 4809d82c-12fe-4ef0-8dbe-5f1d9ffb354f to remote] DEBUG org.asynchttpclient.netty.request.NettyRequestSender - Using open Channel [id: 0x40f87952, L:/192.168.56.1:54510 - R:/0.0.0.0:4723] for GET '/wd/hub/session/4809d82c-12fe-4ef0-8dbe-5f1d9ffb354f/element/00000000-0000-0653-0000-000700000000/displayed'
20:22:50.994 [AsyncHttpClient-1-2] DEBUG org.asynchttpclient.netty.handler.HttpHandler - 

Request DefaultFullHttpRequest(decodeResult: success, version: HTTP/1.1, content: EmptyByteBufBE)
GET /wd/hub/session/4809d82c-12fe-4ef0-8dbe-5f1d9ffb354f/element/00000000-0000-0653-0000-000700000000/displayed HTTP/1.1
User-Agent: appium/8.3.0 (selenium/4.8.1 (java windows))
Cache-Control: no-cache
Content-Type: application/json; charset=utf-8
host: 0.0.0.0:4723
accept: */*

Response DefaultHttpResponse(decodeResult: success, version: HTTP/1.1)
HTTP/1.1 200 OK
X-Powered-By: Express
Content-Type: application/json; charset=utf-8
Content-Length: 14
ETag: W/"e-2ZHvAWebNQpyjGZTg6uyV8/spTo"
Date: Fri, 12 May 2023 13:22:50 GMT
Connection: keep-alive
Keep-Alive: timeout=600

20:22:50.995 [AsyncHttpClient-1-2] DEBUG org.asynchttpclient.netty.channel.ChannelManager - Adding key: http://0.0.0.0:4723 for channel [id: 0x40f87952, L:/192.168.56.1:54510 - R:/0.0.0.0:4723]
20:22:51.014 [main] DEBUG net.thucydides.core.steps.StepInterceptor - STEP DONE: onDashboard
]]></system-out>
    <system-err><![CDATA[SLF4J: Class path contains multiple SLF4J bindings.
SLF4J: Found binding in [jar:file:/C:/Users/zulfa/.m2/repository/ch/qos/logback/logback-classic/1.2.10/logback-classic-1.2.10.jar!/org/slf4j/impl/StaticLoggerBinder.class]
SLF4J: Found binding in [jar:file:/C:/Users/zulfa/.m2/repository/org/slf4j/slf4j-simple/1.7.7/slf4j-simple-1.7.7.jar!/org/slf4j/impl/StaticLoggerBinder.class]
SLF4J: See http://www.slf4j.org/codes.html#multiple_bindings for an explanation.
SLF4J: Actual binding is of type [ch.qos.logback.classic.util.ContextSelectorStaticBinder]
]]></system-err>
  </testcase>
  <testcase name="user click logout for login" classname="As a user i can login with valid credential" time="1.286">
    <system-out><![CDATA[20:22:51.074 [main] DEBUG net.thucydides.core.steps.StepInterceptor - STARTING STEP: UserSteps.userClickLogoutForLogin - onDashboardClick
20:22:51.084 [Forwarding findElement on session 4809d82c-12fe-4ef0-8dbe-5f1d9ffb354f to remote] DEBUG org.asynchttpclient.netty.request.NettyRequestSender - Using pooled Channel '[id: 0x40f87952, L:/192.168.56.1:54510 - R:/0.0.0.0:4723]' for 'POST' to 'http://0.0.0.0:4723/wd/hub/session/4809d82c-12fe-4ef0-8dbe-5f1d9ffb354f/element'
20:22:51.084 [Forwarding findElement on session 4809d82c-12fe-4ef0-8dbe-5f1d9ffb354f to remote] DEBUG org.asynchttpclient.netty.request.NettyRequestSender - Using open Channel [id: 0x40f87952, L:/192.168.56.1:54510 - R:/0.0.0.0:4723] for POST '/wd/hub/session/4809d82c-12fe-4ef0-8dbe-5f1d9ffb354f/element'
20:22:51.347 [AsyncHttpClient-1-2] DEBUG org.asynchttpclient.netty.handler.HttpHandler - 

Request DefaultHttpRequest(decodeResult: success, version: HTTP/1.1)
POST /wd/hub/session/4809d82c-12fe-4ef0-8dbe-5f1d9ffb354f/element HTTP/1.1
User-Agent: appium/8.3.0 (selenium/4.8.1 (java windows))
Content-Length: 326
Content-Type: application/json; charset=utf-8
host: 0.0.0.0:4723
accept: */*

Response DefaultHttpResponse(decodeResult: success, version: HTTP/1.1)
HTTP/1.1 200 OK
X-Powered-By: Express
Vary: X-HTTP-Method-Override
Content-Type: application/json; charset=utf-8
Content-Length: 137
ETag: W/"89-OHwG5RWTzAp7rs1HjSJ4aBKDYsk"
Date: Fri, 12 May 2023 13:22:51 GMT
Connection: keep-alive
Keep-Alive: timeout=600

20:22:51.348 [AsyncHttpClient-1-2] DEBUG org.asynchttpclient.netty.channel.ChannelManager - Adding key: http://0.0.0.0:4723 for channel [id: 0x40f87952, L:/192.168.56.1:54510 - R:/0.0.0.0:4723]
20:22:51.355 [Forwarding isElementDisplayed on session 4809d82c-12fe-4ef0-8dbe-5f1d9ffb354f to remote] DEBUG org.asynchttpclient.netty.request.NettyRequestSender - Using pooled Channel '[id: 0x40f87952, L:/192.168.56.1:54510 - R:/0.0.0.0:4723]' for 'GET' to 'http://0.0.0.0:4723/wd/hub/session/4809d82c-12fe-4ef0-8dbe-5f1d9ffb354f/element/00000000-0000-0653-0000-000700000000/displayed'
20:22:51.355 [Forwarding isElementDisplayed on session 4809d82c-12fe-4ef0-8dbe-5f1d9ffb354f to remote] DEBUG org.asynchttpclient.netty.request.NettyRequestSender - Using open Channel [id: 0x40f87952, L:/192.168.56.1:54510 - R:/0.0.0.0:4723] for GET '/wd/hub/session/4809d82c-12fe-4ef0-8dbe-5f1d9ffb354f/element/00000000-0000-0653-0000-000700000000/displayed'
20:22:51.465 [AsyncHttpClient-1-2] DEBUG org.asynchttpclient.netty.handler.HttpHandler - 

Request DefaultFullHttpRequest(decodeResult: success, version: HTTP/1.1, content: EmptyByteBufBE)
GET /wd/hub/session/4809d82c-12fe-4ef0-8dbe-5f1d9ffb354f/element/00000000-0000-0653-0000-000700000000/displayed HTTP/1.1
User-Agent: appium/8.3.0 (selenium/4.8.1 (java windows))
Cache-Control: no-cache
Content-Type: application/json; charset=utf-8
host: 0.0.0.0:4723
accept: */*

Response DefaultHttpResponse(decodeResult: success, version: HTTP/1.1)
HTTP/1.1 200 OK
X-Powered-By: Express
Content-Type: application/json; charset=utf-8
Content-Length: 14
ETag: W/"e-2ZHvAWebNQpyjGZTg6uyV8/spTo"
Date: Fri, 12 May 2023 13:22:51 GMT
Connection: keep-alive
Keep-Alive: timeout=600

20:22:51.466 [AsyncHttpClient-1-2] DEBUG org.asynchttpclient.netty.channel.ChannelManager - Adding key: http://0.0.0.0:4723 for channel [id: 0x40f87952, L:/192.168.56.1:54510 - R:/0.0.0.0:4723]
20:22:51.472 [Forwarding isElementEnabled on session 4809d82c-12fe-4ef0-8dbe-5f1d9ffb354f to remote] DEBUG org.asynchttpclient.netty.request.NettyRequestSender - Using pooled Channel '[id: 0x40f87952, L:/192.168.56.1:54510 - R:/0.0.0.0:4723]' for 'GET' to 'http://0.0.0.0:4723/wd/hub/session/4809d82c-12fe-4ef0-8dbe-5f1d9ffb354f/element/00000000-0000-0653-0000-000700000000/enabled'
20:22:51.472 [Forwarding isElementEnabled on session 4809d82c-12fe-4ef0-8dbe-5f1d9ffb354f to remote] DEBUG org.asynchttpclient.netty.request.NettyRequestSender - Using open Channel [id: 0x40f87952, L:/192.168.56.1:54510 - R:/0.0.0.0:4723] for GET '/wd/hub/session/4809d82c-12fe-4ef0-8dbe-5f1d9ffb354f/element/00000000-0000-0653-0000-000700000000/enabled'
20:22:51.552 [AsyncHttpClient-1-2] DEBUG org.asynchttpclient.netty.handler.HttpHandler - 

Request DefaultFullHttpRequest(decodeResult: success, version: HTTP/1.1, content: EmptyByteBufBE)
GET /wd/hub/session/4809d82c-12fe-4ef0-8dbe-5f1d9ffb354f/element/00000000-0000-0653-0000-000700000000/enabled HTTP/1.1
User-Agent: appium/8.3.0 (selenium/4.8.1 (java windows))
Cache-Control: no-cache
Content-Type: application/json; charset=utf-8
host: 0.0.0.0:4723
accept: */*

Response DefaultHttpResponse(decodeResult: success, version: HTTP/1.1)
HTTP/1.1 200 OK
X-Powered-By: Express
Content-Type: application/json; charset=utf-8
Content-Length: 14
ETag: W/"e-2ZHvAWebNQpyjGZTg6uyV8/spTo"
Date: Fri, 12 May 2023 13:22:51 GMT
Connection: keep-alive
Keep-Alive: timeout=600

20:22:51.553 [AsyncHttpClient-1-2] DEBUG org.asynchttpclient.netty.channel.ChannelManager - Adding key: http://0.0.0.0:4723 for channel [id: 0x40f87952, L:/192.168.56.1:54510 - R:/0.0.0.0:4723]
20:22:51.562 [Forwarding clickElement on session 4809d82c-12fe-4ef0-8dbe-5f1d9ffb354f to remote] DEBUG org.asynchttpclient.netty.request.NettyRequestSender - Using pooled Channel '[id: 0x40f87952, L:/192.168.56.1:54510 - R:/0.0.0.0:4723]' for 'POST' to 'http://0.0.0.0:4723/wd/hub/session/4809d82c-12fe-4ef0-8dbe-5f1d9ffb354f/element/00000000-0000-0653-0000-000700000000/click'
20:22:51.563 [Forwarding clickElement on session 4809d82c-12fe-4ef0-8dbe-5f1d9ffb354f to remote] DEBUG org.asynchttpclient.netty.request.NettyRequestSender - Using open Channel [id: 0x40f87952, L:/192.168.56.1:54510 - R:/0.0.0.0:4723] for POST '/wd/hub/session/4809d82c-12fe-4ef0-8dbe-5f1d9ffb354f/element/00000000-0000-0653-0000-000700000000/click'
20:22:52.337 [AsyncHttpClient-1-2] DEBUG org.asynchttpclient.netty.handler.HttpHandler - 

Request DefaultHttpRequest(decodeResult: success, version: HTTP/1.1)
POST /wd/hub/session/4809d82c-12fe-4ef0-8dbe-5f1d9ffb354f/element/00000000-0000-0653-0000-000700000000/click HTTP/1.1
User-Agent: appium/8.3.0 (selenium/4.8.1 (java windows))
Content-Length: 50
Content-Type: application/json; charset=utf-8
host: 0.0.0.0:4723
accept: */*

Response DefaultHttpResponse(decodeResult: success, version: HTTP/1.1)
HTTP/1.1 200 OK
X-Powered-By: Express
Vary: X-HTTP-Method-Override
Content-Type: application/json; charset=utf-8
Content-Length: 14
ETag: W/"e-9/1BuKMgFObM1mWJm+YjxtXJnUM"
Date: Fri, 12 May 2023 13:22:52 GMT
Connection: keep-alive
Keep-Alive: timeout=600

20:22:52.338 [AsyncHttpClient-1-2] DEBUG org.asynchttpclient.netty.channel.ChannelManager - Adding key: http://0.0.0.0:4723 for channel [id: 0x40f87952, L:/192.168.56.1:54510 - R:/0.0.0.0:4723]
20:22:52.343 [main] DEBUG net.thucydides.core.steps.StepInterceptor - STEP DONE: onDashboardClick
]]></system-out>
  </testcase>
  <testcase name="user on login page for login" classname="As a user i can login with valid credential" time="1.288">
    <system-out><![CDATA[20:22:52.374 [main] DEBUG net.thucydides.core.steps.StepInterceptor - STARTING STEP: UserSteps.userOnLoginPage - onLoginPage
20:22:52.395 [Forwarding findElement on session 4809d82c-12fe-4ef0-8dbe-5f1d9ffb354f to remote] DEBUG org.asynchttpclient.netty.request.NettyRequestSender - Using pooled Channel '[id: 0x40f87952, L:/192.168.56.1:54510 - R:/0.0.0.0:4723]' for 'POST' to 'http://0.0.0.0:4723/wd/hub/session/4809d82c-12fe-4ef0-8dbe-5f1d9ffb354f/element'
20:22:52.396 [Forwarding findElement on session 4809d82c-12fe-4ef0-8dbe-5f1d9ffb354f to remote] DEBUG org.asynchttpclient.netty.request.NettyRequestSender - Using open Channel [id: 0x40f87952, L:/192.168.56.1:54510 - R:/0.0.0.0:4723] for POST '/wd/hub/session/4809d82c-12fe-4ef0-8dbe-5f1d9ffb354f/element'
20:22:53.499 [AsyncHttpClient-1-2] DEBUG org.asynchttpclient.netty.handler.HttpHandler - 

Request DefaultHttpRequest(decodeResult: success, version: HTTP/1.1)
POST /wd/hub/session/4809d82c-12fe-4ef0-8dbe-5f1d9ffb354f/element HTTP/1.1
User-Agent: appium/8.3.0 (selenium/4.8.1 (java windows))
Content-Length: 95
Content-Type: application/json; charset=utf-8
host: 0.0.0.0:4723
accept: */*

Response DefaultHttpResponse(decodeResult: success, version: HTTP/1.1)
HTTP/1.1 200 OK
X-Powered-By: Express
Vary: X-HTTP-Method-Override
Content-Type: application/json; charset=utf-8
Content-Length: 137
ETag: W/"89-+RgXvFi8LYKj7D3swFtIlpgn9do"
Date: Fri, 12 May 2023 13:22:53 GMT
Connection: keep-alive
Keep-Alive: timeout=600

20:22:53.500 [AsyncHttpClient-1-2] DEBUG org.asynchttpclient.netty.channel.ChannelManager - Adding key: http://0.0.0.0:4723 for channel [id: 0x40f87952, L:/192.168.56.1:54510 - R:/0.0.0.0:4723]
20:22:53.504 [Forwarding isElementDisplayed on session 4809d82c-12fe-4ef0-8dbe-5f1d9ffb354f to remote] DEBUG org.asynchttpclient.netty.request.NettyRequestSender - Using pooled Channel '[id: 0x40f87952, L:/192.168.56.1:54510 - R:/0.0.0.0:4723]' for 'GET' to 'http://0.0.0.0:4723/wd/hub/session/4809d82c-12fe-4ef0-8dbe-5f1d9ffb354f/element/00000000-0000-0653-0000-002500000000/displayed'
20:22:53.504 [Forwarding isElementDisplayed on session 4809d82c-12fe-4ef0-8dbe-5f1d9ffb354f to remote] DEBUG org.asynchttpclient.netty.request.NettyRequestSender - Using open Channel [id: 0x40f87952, L:/192.168.56.1:54510 - R:/0.0.0.0:4723] for GET '/wd/hub/session/4809d82c-12fe-4ef0-8dbe-5f1d9ffb354f/element/00000000-0000-0653-0000-002500000000/displayed'
20:22:53.559 [AsyncHttpClient-1-2] DEBUG org.asynchttpclient.netty.handler.HttpHandler - 

Request DefaultFullHttpRequest(decodeResult: success, version: HTTP/1.1, content: EmptyByteBufBE)
GET /wd/hub/session/4809d82c-12fe-4ef0-8dbe-5f1d9ffb354f/element/00000000-0000-0653-0000-002500000000/displayed HTTP/1.1
User-Agent: appium/8.3.0 (selenium/4.8.1 (java windows))
Cache-Control: no-cache
Content-Type: application/json; charset=utf-8
host: 0.0.0.0:4723
accept: */*

Response DefaultHttpResponse(decodeResult: success, version: HTTP/1.1)
HTTP/1.1 200 OK
X-Powered-By: Express
Content-Type: application/json; charset=utf-8
Content-Length: 14
ETag: W/"e-2ZHvAWebNQpyjGZTg6uyV8/spTo"
Date: Fri, 12 May 2023 13:22:53 GMT
Connection: keep-alive
Keep-Alive: timeout=600

20:22:53.560 [AsyncHttpClient-1-2] DEBUG org.asynchttpclient.netty.channel.ChannelManager - Adding key: http://0.0.0.0:4723 for channel [id: 0x40f87952, L:/192.168.56.1:54510 - R:/0.0.0.0:4723]
20:22:53.563 [Forwarding isElementDisplayed on session 4809d82c-12fe-4ef0-8dbe-5f1d9ffb354f to remote] DEBUG org.asynchttpclient.netty.request.NettyRequestSender - Using pooled Channel '[id: 0x40f87952, L:/192.168.56.1:54510 - R:/0.0.0.0:4723]' for 'GET' to 'http://0.0.0.0:4723/wd/hub/session/4809d82c-12fe-4ef0-8dbe-5f1d9ffb354f/element/00000000-0000-0653-0000-002500000000/displayed'
20:22:53.564 [Forwarding isElementDisplayed on session 4809d82c-12fe-4ef0-8dbe-5f1d9ffb354f to remote] DEBUG org.asynchttpclient.netty.request.NettyRequestSender - Using open Channel [id: 0x40f87952, L:/192.168.56.1:54510 - R:/0.0.0.0:4723] for GET '/wd/hub/session/4809d82c-12fe-4ef0-8dbe-5f1d9ffb354f/element/00000000-0000-0653-0000-002500000000/displayed'
20:22:53.649 [AsyncHttpClient-1-2] DEBUG org.asynchttpclient.netty.handler.HttpHandler - 

Request DefaultFullHttpRequest(decodeResult: success, version: HTTP/1.1, content: EmptyByteBufBE)
GET /wd/hub/session/4809d82c-12fe-4ef0-8dbe-5f1d9ffb354f/element/00000000-0000-0653-0000-002500000000/displayed HTTP/1.1
User-Agent: appium/8.3.0 (selenium/4.8.1 (java windows))
Cache-Control: no-cache
Content-Type: application/json; charset=utf-8
host: 0.0.0.0:4723
accept: */*

Response DefaultHttpResponse(decodeResult: success, version: HTTP/1.1)
HTTP/1.1 200 OK
X-Powered-By: Express
Content-Type: application/json; charset=utf-8
Content-Length: 14
ETag: W/"e-2ZHvAWebNQpyjGZTg6uyV8/spTo"
Date: Fri, 12 May 2023 13:22:53 GMT
Connection: keep-alive
Keep-Alive: timeout=600

20:22:53.650 [AsyncHttpClient-1-2] DEBUG org.asynchttpclient.netty.channel.ChannelManager - Adding key: http://0.0.0.0:4723 for channel [id: 0x40f87952, L:/192.168.56.1:54510 - R:/0.0.0.0:4723]
20:22:53.652 [main] DEBUG net.thucydides.core.steps.StepInterceptor - STEP DONE: onLoginPage
]]></system-out>
  </testcase>
  <testcase name="user click email field" classname="As a user i can login with valid credential" time="0.501">
    <system-out><![CDATA[20:22:53.669 [main] DEBUG net.thucydides.core.steps.StepInterceptor - STARTING STEP: UserSteps.userClickEmailField - onClickEmailField
20:22:53.676 [Forwarding findElement on session 4809d82c-12fe-4ef0-8dbe-5f1d9ffb354f to remote] DEBUG org.asynchttpclient.netty.request.NettyRequestSender - Using pooled Channel '[id: 0x40f87952, L:/192.168.56.1:54510 - R:/0.0.0.0:4723]' for 'POST' to 'http://0.0.0.0:4723/wd/hub/session/4809d82c-12fe-4ef0-8dbe-5f1d9ffb354f/element'
20:22:53.677 [Forwarding findElement on session 4809d82c-12fe-4ef0-8dbe-5f1d9ffb354f to remote] DEBUG org.asynchttpclient.netty.request.NettyRequestSender - Using open Channel [id: 0x40f87952, L:/192.168.56.1:54510 - R:/0.0.0.0:4723] for POST '/wd/hub/session/4809d82c-12fe-4ef0-8dbe-5f1d9ffb354f/element'
20:22:53.917 [AsyncHttpClient-1-2] DEBUG org.asynchttpclient.netty.handler.HttpHandler - 

Request DefaultHttpRequest(decodeResult: success, version: HTTP/1.1)
POST /wd/hub/session/4809d82c-12fe-4ef0-8dbe-5f1d9ffb354f/element HTTP/1.1
User-Agent: appium/8.3.0 (selenium/4.8.1 (java windows))
Content-Length: 305
Content-Type: application/json; charset=utf-8
host: 0.0.0.0:4723
accept: */*

Response DefaultHttpResponse(decodeResult: success, version: HTTP/1.1)
HTTP/1.1 200 OK
X-Powered-By: Express
Vary: X-HTTP-Method-Override
Content-Type: application/json; charset=utf-8
Content-Length: 137
ETag: W/"89-PIxmYm2gvlRgXJ/gIeGwzj2TQzo"
Date: Fri, 12 May 2023 13:22:53 GMT
Connection: keep-alive
Keep-Alive: timeout=600

20:22:53.918 [AsyncHttpClient-1-2] DEBUG org.asynchttpclient.netty.channel.ChannelManager - Adding key: http://0.0.0.0:4723 for channel [id: 0x40f87952, L:/192.168.56.1:54510 - R:/0.0.0.0:4723]
20:22:53.921 [Forwarding isElementDisplayed on session 4809d82c-12fe-4ef0-8dbe-5f1d9ffb354f to remote] DEBUG org.asynchttpclient.netty.request.NettyRequestSender - Using pooled Channel '[id: 0x40f87952, L:/192.168.56.1:54510 - R:/0.0.0.0:4723]' for 'GET' to 'http://0.0.0.0:4723/wd/hub/session/4809d82c-12fe-4ef0-8dbe-5f1d9ffb354f/element/00000000-0000-0653-0000-002300000000/displayed'
20:22:53.921 [Forwarding isElementDisplayed on session 4809d82c-12fe-4ef0-8dbe-5f1d9ffb354f to remote] DEBUG org.asynchttpclient.netty.request.NettyRequestSender - Using open Channel [id: 0x40f87952, L:/192.168.56.1:54510 - R:/0.0.0.0:4723] for GET '/wd/hub/session/4809d82c-12fe-4ef0-8dbe-5f1d9ffb354f/element/00000000-0000-0653-0000-002300000000/displayed'
20:22:53.982 [AsyncHttpClient-1-2] DEBUG org.asynchttpclient.netty.handler.HttpHandler - 

Request DefaultFullHttpRequest(decodeResult: success, version: HTTP/1.1, content: EmptyByteBufBE)
GET /wd/hub/session/4809d82c-12fe-4ef0-8dbe-5f1d9ffb354f/element/00000000-0000-0653-0000-002300000000/displayed HTTP/1.1
User-Agent: appium/8.3.0 (selenium/4.8.1 (java windows))
Cache-Control: no-cache
Content-Type: application/json; charset=utf-8
host: 0.0.0.0:4723
accept: */*

Response DefaultHttpResponse(decodeResult: success, version: HTTP/1.1)
HTTP/1.1 200 OK
X-Powered-By: Express
Content-Type: application/json; charset=utf-8
Content-Length: 14
ETag: W/"e-2ZHvAWebNQpyjGZTg6uyV8/spTo"
Date: Fri, 12 May 2023 13:22:53 GMT
Connection: keep-alive
Keep-Alive: timeout=600

20:22:53.983 [AsyncHttpClient-1-2] DEBUG org.asynchttpclient.netty.channel.ChannelManager - Adding key: http://0.0.0.0:4723 for channel [id: 0x40f87952, L:/192.168.56.1:54510 - R:/0.0.0.0:4723]
20:22:53.986 [Forwarding isElementEnabled on session 4809d82c-12fe-4ef0-8dbe-5f1d9ffb354f to remote] DEBUG org.asynchttpclient.netty.request.NettyRequestSender - Using pooled Channel '[id: 0x40f87952, L:/192.168.56.1:54510 - R:/0.0.0.0:4723]' for 'GET' to 'http://0.0.0.0:4723/wd/hub/session/4809d82c-12fe-4ef0-8dbe-5f1d9ffb354f/element/00000000-0000-0653-0000-002300000000/enabled'
20:22:53.986 [Forwarding isElementEnabled on session 4809d82c-12fe-4ef0-8dbe-5f1d9ffb354f to remote] DEBUG org.asynchttpclient.netty.request.NettyRequestSender - Using open Channel [id: 0x40f87952, L:/192.168.56.1:54510 - R:/0.0.0.0:4723] for GET '/wd/hub/session/4809d82c-12fe-4ef0-8dbe-5f1d9ffb354f/element/00000000-0000-0653-0000-002300000000/enabled'
20:22:54.051 [AsyncHttpClient-1-2] DEBUG org.asynchttpclient.netty.handler.HttpHandler - 

Request DefaultFullHttpRequest(decodeResult: success, version: HTTP/1.1, content: EmptyByteBufBE)
GET /wd/hub/session/4809d82c-12fe-4ef0-8dbe-5f1d9ffb354f/element/00000000-0000-0653-0000-002300000000/enabled HTTP/1.1
User-Agent: appium/8.3.0 (selenium/4.8.1 (java windows))
Cache-Control: no-cache
Content-Type: application/json; charset=utf-8
host: 0.0.0.0:4723
accept: */*

Response DefaultHttpResponse(decodeResult: success, version: HTTP/1.1)
HTTP/1.1 200 OK
X-Powered-By: Express
Content-Type: application/json; charset=utf-8
Content-Length: 14
ETag: W/"e-2ZHvAWebNQpyjGZTg6uyV8/spTo"
Date: Fri, 12 May 2023 13:22:54 GMT
Connection: keep-alive
Keep-Alive: timeout=600

20:22:54.052 [AsyncHttpClient-1-2] DEBUG org.asynchttpclient.netty.channel.ChannelManager - Adding key: http://0.0.0.0:4723 for channel [id: 0x40f87952, L:/192.168.56.1:54510 - R:/0.0.0.0:4723]
20:22:54.060 [Forwarding clickElement on session 4809d82c-12fe-4ef0-8dbe-5f1d9ffb354f to remote] DEBUG org.asynchttpclient.netty.request.NettyRequestSender - Using pooled Channel '[id: 0x40f87952, L:/192.168.56.1:54510 - R:/0.0.0.0:4723]' for 'POST' to 'http://0.0.0.0:4723/wd/hub/session/4809d82c-12fe-4ef0-8dbe-5f1d9ffb354f/element/00000000-0000-0653-0000-002300000000/click'
20:22:54.060 [Forwarding clickElement on session 4809d82c-12fe-4ef0-8dbe-5f1d9ffb354f to remote] DEBUG org.asynchttpclient.netty.request.NettyRequestSender - Using open Channel [id: 0x40f87952, L:/192.168.56.1:54510 - R:/0.0.0.0:4723] for POST '/wd/hub/session/4809d82c-12fe-4ef0-8dbe-5f1d9ffb354f/element/00000000-0000-0653-0000-002300000000/click'
20:22:54.154 [AsyncHttpClient-1-2] DEBUG org.asynchttpclient.netty.handler.HttpHandler - 

Request DefaultHttpRequest(decodeResult: success, version: HTTP/1.1)
POST /wd/hub/session/4809d82c-12fe-4ef0-8dbe-5f1d9ffb354f/element/00000000-0000-0653-0000-002300000000/click HTTP/1.1
User-Agent: appium/8.3.0 (selenium/4.8.1 (java windows))
Content-Length: 50
Content-Type: application/json; charset=utf-8
host: 0.0.0.0:4723
accept: */*

Response DefaultHttpResponse(decodeResult: success, version: HTTP/1.1)
HTTP/1.1 200 OK
X-Powered-By: Express
Vary: X-HTTP-Method-Override
Content-Type: application/json; charset=utf-8
Content-Length: 14
ETag: W/"e-9/1BuKMgFObM1mWJm+YjxtXJnUM"
Date: Fri, 12 May 2023 13:22:54 GMT
Connection: keep-alive
Keep-Alive: timeout=600

20:22:54.155 [AsyncHttpClient-1-2] DEBUG org.asynchttpclient.netty.channel.ChannelManager - Adding key: http://0.0.0.0:4723 for channel [id: 0x40f87952, L:/192.168.56.1:54510 - R:/0.0.0.0:4723]
20:22:54.158 [main] DEBUG net.thucydides.core.steps.StepInterceptor - STEP DONE: onClickEmailField
]]></system-out>
  </testcase>
  <testcase name="user input valid email" classname="As a user i can login with valid credential" time="0.981">
    <system-out><![CDATA[20:22:54.179 [main] DEBUG net.thucydides.core.steps.StepInterceptor - STARTING STEP: UserSteps.userInputEmailForLogin - inputEmail
20:22:54.185 [Forwarding findElement on session 4809d82c-12fe-4ef0-8dbe-5f1d9ffb354f to remote] DEBUG org.asynchttpclient.netty.request.NettyRequestSender - Using pooled Channel '[id: 0x40f87952, L:/192.168.56.1:54510 - R:/0.0.0.0:4723]' for 'POST' to 'http://0.0.0.0:4723/wd/hub/session/4809d82c-12fe-4ef0-8dbe-5f1d9ffb354f/element'
20:22:54.186 [Forwarding findElement on session 4809d82c-12fe-4ef0-8dbe-5f1d9ffb354f to remote] DEBUG org.asynchttpclient.netty.request.NettyRequestSender - Using open Channel [id: 0x40f87952, L:/192.168.56.1:54510 - R:/0.0.0.0:4723] for POST '/wd/hub/session/4809d82c-12fe-4ef0-8dbe-5f1d9ffb354f/element'
20:22:54.627 [AsyncHttpClient-1-2] DEBUG org.asynchttpclient.netty.handler.HttpHandler - 

Request DefaultHttpRequest(decodeResult: success, version: HTTP/1.1)
POST /wd/hub/session/4809d82c-12fe-4ef0-8dbe-5f1d9ffb354f/element HTTP/1.1
User-Agent: appium/8.3.0 (selenium/4.8.1 (java windows))
Content-Length: 305
Content-Type: application/json; charset=utf-8
host: 0.0.0.0:4723
accept: */*

Response DefaultHttpResponse(decodeResult: success, version: HTTP/1.1)
HTTP/1.1 200 OK
X-Powered-By: Express
Vary: X-HTTP-Method-Override
Content-Type: application/json; charset=utf-8
Content-Length: 137
ETag: W/"89-PIxmYm2gvlRgXJ/gIeGwzj2TQzo"
Date: Fri, 12 May 2023 13:22:54 GMT
Connection: keep-alive
Keep-Alive: timeout=600

20:22:54.629 [AsyncHttpClient-1-2] DEBUG org.asynchttpclient.netty.channel.ChannelManager - Adding key: http://0.0.0.0:4723 for channel [id: 0x40f87952, L:/192.168.56.1:54510 - R:/0.0.0.0:4723]
20:22:54.654 [Forwarding sendKeysToElement on session 4809d82c-12fe-4ef0-8dbe-5f1d9ffb354f to remote] DEBUG org.asynchttpclient.netty.request.NettyRequestSender - Using pooled Channel '[id: 0x40f87952, L:/192.168.56.1:54510 - R:/0.0.0.0:4723]' for 'POST' to 'http://0.0.0.0:4723/wd/hub/session/4809d82c-12fe-4ef0-8dbe-5f1d9ffb354f/element/00000000-0000-0653-0000-002300000000/value'
20:22:54.655 [Forwarding sendKeysToElement on session 4809d82c-12fe-4ef0-8dbe-5f1d9ffb354f to remote] DEBUG org.asynchttpclient.netty.request.NettyRequestSender - Using open Channel [id: 0x40f87952, L:/192.168.56.1:54510 - R:/0.0.0.0:4723] for POST '/wd/hub/session/4809d82c-12fe-4ef0-8dbe-5f1d9ffb354f/element/00000000-0000-0653-0000-002300000000/value'
20:22:55.137 [AsyncHttpClient-1-2] DEBUG org.asynchttpclient.netty.handler.HttpHandler - 

Request DefaultHttpRequest(decodeResult: success, version: HTTP/1.1)
POST /wd/hub/session/4809d82c-12fe-4ef0-8dbe-5f1d9ffb354f/element/00000000-0000-0653-0000-002300000000/value HTTP/1.1
User-Agent: appium/8.3.0 (selenium/4.8.1 (java windows))
Content-Length: 251
Content-Type: application/json; charset=utf-8
host: 0.0.0.0:4723
accept: */*

Response DefaultHttpResponse(decodeResult: success, version: HTTP/1.1)
HTTP/1.1 200 OK
X-Powered-By: Express
Vary: X-HTTP-Method-Override
Content-Type: application/json; charset=utf-8
Content-Length: 14
ETag: W/"e-9/1BuKMgFObM1mWJm+YjxtXJnUM"
Date: Fri, 12 May 2023 13:22:55 GMT
Connection: keep-alive
Keep-Alive: timeout=600

20:22:55.138 [AsyncHttpClient-1-2] DEBUG org.asynchttpclient.netty.channel.ChannelManager - Adding key: http://0.0.0.0:4723 for channel [id: 0x40f87952, L:/192.168.56.1:54510 - R:/0.0.0.0:4723]
20:22:55.143 [main] DEBUG net.thucydides.core.steps.StepInterceptor - STEP DONE: inputEmail
]]></system-out>
  </testcase>
  <testcase name="user click password field" classname="As a user i can login with valid credential" time="1.934">
    <system-out><![CDATA[20:22:55.155 [main] DEBUG net.thucydides.core.steps.StepInterceptor - STARTING STEP: UserSteps.userClickPasswordField - onClickPasswordField
20:22:55.165 [Forwarding findElement on session 4809d82c-12fe-4ef0-8dbe-5f1d9ffb354f to remote] DEBUG org.asynchttpclient.netty.request.NettyRequestSender - Using pooled Channel '[id: 0x40f87952, L:/192.168.56.1:54510 - R:/0.0.0.0:4723]' for 'POST' to 'http://0.0.0.0:4723/wd/hub/session/4809d82c-12fe-4ef0-8dbe-5f1d9ffb354f/element'
20:22:55.166 [Forwarding findElement on session 4809d82c-12fe-4ef0-8dbe-5f1d9ffb354f to remote] DEBUG org.asynchttpclient.netty.request.NettyRequestSender - Using open Channel [id: 0x40f87952, L:/192.168.56.1:54510 - R:/0.0.0.0:4723] for POST '/wd/hub/session/4809d82c-12fe-4ef0-8dbe-5f1d9ffb354f/element'
20:22:56.667 [AsyncHttpClient-1-2] DEBUG org.asynchttpclient.netty.handler.HttpHandler - 

Request DefaultHttpRequest(decodeResult: success, version: HTTP/1.1)
POST /wd/hub/session/4809d82c-12fe-4ef0-8dbe-5f1d9ffb354f/element HTTP/1.1
User-Agent: appium/8.3.0 (selenium/4.8.1 (java windows))
Content-Length: 305
Content-Type: application/json; charset=utf-8
host: 0.0.0.0:4723
accept: */*

Response DefaultHttpResponse(decodeResult: success, version: HTTP/1.1)
HTTP/1.1 200 OK
X-Powered-By: Express
Vary: X-HTTP-Method-Override
Content-Type: application/json; charset=utf-8
Content-Length: 137
ETag: W/"89-Zi+DUESwVQY4wDZ8sjUjrnlKL9U"
Date: Fri, 12 May 2023 13:22:56 GMT
Connection: keep-alive
Keep-Alive: timeout=600

20:22:56.670 [AsyncHttpClient-1-2] DEBUG org.asynchttpclient.netty.channel.ChannelManager - Adding key: http://0.0.0.0:4723 for channel [id: 0x40f87952, L:/192.168.56.1:54510 - R:/0.0.0.0:4723]
20:22:56.675 [Forwarding isElementDisplayed on session 4809d82c-12fe-4ef0-8dbe-5f1d9ffb354f to remote] DEBUG org.asynchttpclient.netty.request.NettyRequestSender - Using pooled Channel '[id: 0x40f87952, L:/192.168.56.1:54510 - R:/0.0.0.0:4723]' for 'GET' to 'http://0.0.0.0:4723/wd/hub/session/4809d82c-12fe-4ef0-8dbe-5f1d9ffb354f/element/00000000-0000-0653-0000-002400000000/displayed'
20:22:56.676 [Forwarding isElementDisplayed on session 4809d82c-12fe-4ef0-8dbe-5f1d9ffb354f to remote] DEBUG org.asynchttpclient.netty.request.NettyRequestSender - Using open Channel [id: 0x40f87952, L:/192.168.56.1:54510 - R:/0.0.0.0:4723] for GET '/wd/hub/session/4809d82c-12fe-4ef0-8dbe-5f1d9ffb354f/element/00000000-0000-0653-0000-002400000000/displayed'
20:22:56.903 [AsyncHttpClient-1-2] DEBUG org.asynchttpclient.netty.handler.HttpHandler - 

Request DefaultFullHttpRequest(decodeResult: success, version: HTTP/1.1, content: EmptyByteBufBE)
GET /wd/hub/session/4809d82c-12fe-4ef0-8dbe-5f1d9ffb354f/element/00000000-0000-0653-0000-002400000000/displayed HTTP/1.1
User-Agent: appium/8.3.0 (selenium/4.8.1 (java windows))
Cache-Control: no-cache
Content-Type: application/json; charset=utf-8
host: 0.0.0.0:4723
accept: */*

Response DefaultHttpResponse(decodeResult: success, version: HTTP/1.1)
HTTP/1.1 200 OK
X-Powered-By: Express
Content-Type: application/json; charset=utf-8
Content-Length: 14
ETag: W/"e-2ZHvAWebNQpyjGZTg6uyV8/spTo"
Date: Fri, 12 May 2023 13:22:56 GMT
Connection: keep-alive
Keep-Alive: timeout=600

20:22:56.905 [AsyncHttpClient-1-2] DEBUG org.asynchttpclient.netty.channel.ChannelManager - Adding key: http://0.0.0.0:4723 for channel [id: 0x40f87952, L:/192.168.56.1:54510 - R:/0.0.0.0:4723]
20:22:56.910 [Forwarding isElementEnabled on session 4809d82c-12fe-4ef0-8dbe-5f1d9ffb354f to remote] DEBUG org.asynchttpclient.netty.request.NettyRequestSender - Using pooled Channel '[id: 0x40f87952, L:/192.168.56.1:54510 - R:/0.0.0.0:4723]' for 'GET' to 'http://0.0.0.0:4723/wd/hub/session/4809d82c-12fe-4ef0-8dbe-5f1d9ffb354f/element/00000000-0000-0653-0000-002400000000/enabled'
20:22:56.910 [Forwarding isElementEnabled on session 4809d82c-12fe-4ef0-8dbe-5f1d9ffb354f to remote] DEBUG org.asynchttpclient.netty.request.NettyRequestSender - Using open Channel [id: 0x40f87952, L:/192.168.56.1:54510 - R:/0.0.0.0:4723] for GET '/wd/hub/session/4809d82c-12fe-4ef0-8dbe-5f1d9ffb354f/element/00000000-0000-0653-0000-002400000000/enabled'
20:22:56.978 [AsyncHttpClient-1-2] DEBUG org.asynchttpclient.netty.handler.HttpHandler - 

Request DefaultFullHttpRequest(decodeResult: success, version: HTTP/1.1, content: EmptyByteBufBE)
GET /wd/hub/session/4809d82c-12fe-4ef0-8dbe-5f1d9ffb354f/element/00000000-0000-0653-0000-002400000000/enabled HTTP/1.1
User-Agent: appium/8.3.0 (selenium/4.8.1 (java windows))
Cache-Control: no-cache
Content-Type: application/json; charset=utf-8
host: 0.0.0.0:4723
accept: */*

Response DefaultHttpResponse(decodeResult: success, version: HTTP/1.1)
HTTP/1.1 200 OK
X-Powered-By: Express
Content-Type: application/json; charset=utf-8
Content-Length: 14
ETag: W/"e-2ZHvAWebNQpyjGZTg6uyV8/spTo"
Date: Fri, 12 May 2023 13:22:56 GMT
Connection: keep-alive
Keep-Alive: timeout=600

20:22:56.982 [AsyncHttpClient-1-2] DEBUG org.asynchttpclient.netty.channel.ChannelManager - Adding key: http://0.0.0.0:4723 for channel [id: 0x40f87952, L:/192.168.56.1:54510 - R:/0.0.0.0:4723]
20:22:56.992 [Forwarding clickElement on session 4809d82c-12fe-4ef0-8dbe-5f1d9ffb354f to remote] DEBUG org.asynchttpclient.netty.request.NettyRequestSender - Using pooled Channel '[id: 0x40f87952, L:/192.168.56.1:54510 - R:/0.0.0.0:4723]' for 'POST' to 'http://0.0.0.0:4723/wd/hub/session/4809d82c-12fe-4ef0-8dbe-5f1d9ffb354f/element/00000000-0000-0653-0000-002400000000/click'
20:22:56.992 [Forwarding clickElement on session 4809d82c-12fe-4ef0-8dbe-5f1d9ffb354f to remote] DEBUG org.asynchttpclient.netty.request.NettyRequestSender - Using open Channel [id: 0x40f87952, L:/192.168.56.1:54510 - R:/0.0.0.0:4723] for POST '/wd/hub/session/4809d82c-12fe-4ef0-8dbe-5f1d9ffb354f/element/00000000-0000-0653-0000-002400000000/click'
20:22:57.079 [AsyncHttpClient-1-2] DEBUG org.asynchttpclient.netty.handler.HttpHandler - 

Request DefaultHttpRequest(decodeResult: success, version: HTTP/1.1)
POST /wd/hub/session/4809d82c-12fe-4ef0-8dbe-5f1d9ffb354f/element/00000000-0000-0653-0000-002400000000/click HTTP/1.1
User-Agent: appium/8.3.0 (selenium/4.8.1 (java windows))
Content-Length: 50
Content-Type: application/json; charset=utf-8
host: 0.0.0.0:4723
accept: */*

Response DefaultHttpResponse(decodeResult: success, version: HTTP/1.1)
HTTP/1.1 200 OK
X-Powered-By: Express
Vary: X-HTTP-Method-Override
Content-Type: application/json; charset=utf-8
Content-Length: 14
ETag: W/"e-9/1BuKMgFObM1mWJm+YjxtXJnUM"
Date: Fri, 12 May 2023 13:22:57 GMT
Connection: keep-alive
Keep-Alive: timeout=600

20:22:57.080 [AsyncHttpClient-1-2] DEBUG org.asynchttpclient.netty.channel.ChannelManager - Adding key: http://0.0.0.0:4723 for channel [id: 0x40f87952, L:/192.168.56.1:54510 - R:/0.0.0.0:4723]
20:22:57.083 [main] DEBUG net.thucydides.core.steps.StepInterceptor - STEP DONE: onClickPasswordField
]]></system-out>
  </testcase>
  <testcase name="user input password" classname="As a user i can login with valid credential" time="1.238">
    <system-out><![CDATA[20:22:57.125 [main] DEBUG net.thucydides.core.steps.StepInterceptor - STARTING STEP: UserSteps.userInputPasswordForLogin - inputPassword
20:22:57.132 [Forwarding findElement on session 4809d82c-12fe-4ef0-8dbe-5f1d9ffb354f to remote] DEBUG org.asynchttpclient.netty.request.NettyRequestSender - Using pooled Channel '[id: 0x40f87952, L:/192.168.56.1:54510 - R:/0.0.0.0:4723]' for 'POST' to 'http://0.0.0.0:4723/wd/hub/session/4809d82c-12fe-4ef0-8dbe-5f1d9ffb354f/element'
20:22:57.132 [Forwarding findElement on session 4809d82c-12fe-4ef0-8dbe-5f1d9ffb354f to remote] DEBUG org.asynchttpclient.netty.request.NettyRequestSender - Using open Channel [id: 0x40f87952, L:/192.168.56.1:54510 - R:/0.0.0.0:4723] for POST '/wd/hub/session/4809d82c-12fe-4ef0-8dbe-5f1d9ffb354f/element'
20:22:57.433 [AsyncHttpClient-1-2] DEBUG org.asynchttpclient.netty.handler.HttpHandler - 

Request DefaultHttpRequest(decodeResult: success, version: HTTP/1.1)
POST /wd/hub/session/4809d82c-12fe-4ef0-8dbe-5f1d9ffb354f/element HTTP/1.1
User-Agent: appium/8.3.0 (selenium/4.8.1 (java windows))
Content-Length: 305
Content-Type: application/json; charset=utf-8
host: 0.0.0.0:4723
accept: */*

Response DefaultHttpResponse(decodeResult: success, version: HTTP/1.1)
HTTP/1.1 200 OK
X-Powered-By: Express
Vary: X-HTTP-Method-Override
Content-Type: application/json; charset=utf-8
Content-Length: 137
ETag: W/"89-Zi+DUESwVQY4wDZ8sjUjrnlKL9U"
Date: Fri, 12 May 2023 13:22:57 GMT
Connection: keep-alive
Keep-Alive: timeout=600

20:22:57.434 [AsyncHttpClient-1-2] DEBUG org.asynchttpclient.netty.channel.ChannelManager - Adding key: http://0.0.0.0:4723 for channel [id: 0x40f87952, L:/192.168.56.1:54510 - R:/0.0.0.0:4723]
20:22:57.468 [Forwarding sendKeysToElement on session 4809d82c-12fe-4ef0-8dbe-5f1d9ffb354f to remote] DEBUG org.asynchttpclient.netty.request.NettyRequestSender - Using pooled Channel '[id: 0x40f87952, L:/192.168.56.1:54510 - R:/0.0.0.0:4723]' for 'POST' to 'http://0.0.0.0:4723/wd/hub/session/4809d82c-12fe-4ef0-8dbe-5f1d9ffb354f/element/00000000-0000-0653-0000-002400000000/value'
20:22:57.468 [Forwarding sendKeysToElement on session 4809d82c-12fe-4ef0-8dbe-5f1d9ffb354f to remote] DEBUG org.asynchttpclient.netty.request.NettyRequestSender - Using open Channel [id: 0x40f87952, L:/192.168.56.1:54510 - R:/0.0.0.0:4723] for POST '/wd/hub/session/4809d82c-12fe-4ef0-8dbe-5f1d9ffb354f/element/00000000-0000-0653-0000-002400000000/value'
20:22:58.331 [AsyncHttpClient-1-2] DEBUG org.asynchttpclient.netty.handler.HttpHandler - 

Request DefaultHttpRequest(decodeResult: success, version: HTTP/1.1)
POST /wd/hub/session/4809d82c-12fe-4ef0-8dbe-5f1d9ffb354f/element/00000000-0000-0653-0000-002400000000/value HTTP/1.1
User-Agent: appium/8.3.0 (selenium/4.8.1 (java windows))
Content-Length: 141
Content-Type: application/json; charset=utf-8
host: 0.0.0.0:4723
accept: */*

Response DefaultHttpResponse(decodeResult: success, version: HTTP/1.1)
HTTP/1.1 200 OK
X-Powered-By: Express
Vary: X-HTTP-Method-Override
Content-Type: application/json; charset=utf-8
Content-Length: 14
ETag: W/"e-9/1BuKMgFObM1mWJm+YjxtXJnUM"
Date: Fri, 12 May 2023 13:22:58 GMT
Connection: keep-alive
Keep-Alive: timeout=600

20:22:58.331 [AsyncHttpClient-1-2] DEBUG org.asynchttpclient.netty.channel.ChannelManager - Adding key: http://0.0.0.0:4723 for channel [id: 0x40f87952, L:/192.168.56.1:54510 - R:/0.0.0.0:4723]
20:22:58.334 [main] DEBUG net.thucydides.core.steps.StepInterceptor - STEP DONE: inputPassword
]]></system-out>
  </testcase>
  <testcase name="user click login button" classname="As a user i can login with valid credential" time="1.077">
    <system-out><![CDATA[20:22:58.361 [main] DEBUG net.thucydides.core.steps.StepInterceptor - STARTING STEP: UserSteps.userClickBtnLogin - tapLoginButton
20:22:58.367 [Forwarding findElement on session 4809d82c-12fe-4ef0-8dbe-5f1d9ffb354f to remote] DEBUG org.asynchttpclient.netty.request.NettyRequestSender - Using pooled Channel '[id: 0x40f87952, L:/192.168.56.1:54510 - R:/0.0.0.0:4723]' for 'POST' to 'http://0.0.0.0:4723/wd/hub/session/4809d82c-12fe-4ef0-8dbe-5f1d9ffb354f/element'
20:22:58.369 [Forwarding findElement on session 4809d82c-12fe-4ef0-8dbe-5f1d9ffb354f to remote] DEBUG org.asynchttpclient.netty.request.NettyRequestSender - Using open Channel [id: 0x40f87952, L:/192.168.56.1:54510 - R:/0.0.0.0:4723] for POST '/wd/hub/session/4809d82c-12fe-4ef0-8dbe-5f1d9ffb354f/element'
20:22:58.617 [AsyncHttpClient-1-2] DEBUG org.asynchttpclient.netty.handler.HttpHandler - 

Request DefaultHttpRequest(decodeResult: success, version: HTTP/1.1)
POST /wd/hub/session/4809d82c-12fe-4ef0-8dbe-5f1d9ffb354f/element HTTP/1.1
User-Agent: appium/8.3.0 (selenium/4.8.1 (java windows))
Content-Length: 95
Content-Type: application/json; charset=utf-8
host: 0.0.0.0:4723
accept: */*

Response DefaultHttpResponse(decodeResult: success, version: HTTP/1.1)
HTTP/1.1 200 OK
X-Powered-By: Express
Vary: X-HTTP-Method-Override
Content-Type: application/json; charset=utf-8
Content-Length: 137
ETag: W/"89-+RgXvFi8LYKj7D3swFtIlpgn9do"
Date: Fri, 12 May 2023 13:22:58 GMT
Connection: keep-alive
Keep-Alive: timeout=600

20:22:58.617 [AsyncHttpClient-1-2] DEBUG org.asynchttpclient.netty.channel.ChannelManager - Adding key: http://0.0.0.0:4723 for channel [id: 0x40f87952, L:/192.168.56.1:54510 - R:/0.0.0.0:4723]
20:22:58.626 [Forwarding isElementDisplayed on session 4809d82c-12fe-4ef0-8dbe-5f1d9ffb354f to remote] DEBUG org.asynchttpclient.netty.request.NettyRequestSender - Using pooled Channel '[id: 0x40f87952, L:/192.168.56.1:54510 - R:/0.0.0.0:4723]' for 'GET' to 'http://0.0.0.0:4723/wd/hub/session/4809d82c-12fe-4ef0-8dbe-5f1d9ffb354f/element/00000000-0000-0653-0000-002500000000/displayed'
20:22:58.626 [Forwarding isElementDisplayed on session 4809d82c-12fe-4ef0-8dbe-5f1d9ffb354f to remote] DEBUG org.asynchttpclient.netty.request.NettyRequestSender - Using open Channel [id: 0x40f87952, L:/192.168.56.1:54510 - R:/0.0.0.0:4723] for GET '/wd/hub/session/4809d82c-12fe-4ef0-8dbe-5f1d9ffb354f/element/00000000-0000-0653-0000-002500000000/displayed'
20:22:58.713 [AsyncHttpClient-1-2] DEBUG org.asynchttpclient.netty.handler.HttpHandler - 

Request DefaultFullHttpRequest(decodeResult: success, version: HTTP/1.1, content: EmptyByteBufBE)
GET /wd/hub/session/4809d82c-12fe-4ef0-8dbe-5f1d9ffb354f/element/00000000-0000-0653-0000-002500000000/displayed HTTP/1.1
User-Agent: appium/8.3.0 (selenium/4.8.1 (java windows))
Cache-Control: no-cache
Content-Type: application/json; charset=utf-8
host: 0.0.0.0:4723
accept: */*

Response DefaultHttpResponse(decodeResult: success, version: HTTP/1.1)
HTTP/1.1 200 OK
X-Powered-By: Express
Content-Type: application/json; charset=utf-8
Content-Length: 14
ETag: W/"e-2ZHvAWebNQpyjGZTg6uyV8/spTo"
Date: Fri, 12 May 2023 13:22:58 GMT
Connection: keep-alive
Keep-Alive: timeout=600

20:22:58.715 [AsyncHttpClient-1-2] DEBUG org.asynchttpclient.netty.channel.ChannelManager - Adding key: http://0.0.0.0:4723 for channel [id: 0x40f87952, L:/192.168.56.1:54510 - R:/0.0.0.0:4723]
20:22:58.745 [Forwarding isElementEnabled on session 4809d82c-12fe-4ef0-8dbe-5f1d9ffb354f to remote] DEBUG org.asynchttpclient.netty.request.NettyRequestSender - Using pooled Channel '[id: 0x40f87952, L:/192.168.56.1:54510 - R:/0.0.0.0:4723]' for 'GET' to 'http://0.0.0.0:4723/wd/hub/session/4809d82c-12fe-4ef0-8dbe-5f1d9ffb354f/element/00000000-0000-0653-0000-002500000000/enabled'
20:22:58.745 [Forwarding isElementEnabled on session 4809d82c-12fe-4ef0-8dbe-5f1d9ffb354f to remote] DEBUG org.asynchttpclient.netty.request.NettyRequestSender - Using open Channel [id: 0x40f87952, L:/192.168.56.1:54510 - R:/0.0.0.0:4723] for GET '/wd/hub/session/4809d82c-12fe-4ef0-8dbe-5f1d9ffb354f/element/00000000-0000-0653-0000-002500000000/enabled'
20:22:59.288 [AsyncHttpClient-1-2] DEBUG org.asynchttpclient.netty.handler.HttpHandler - 

Request DefaultFullHttpRequest(decodeResult: success, version: HTTP/1.1, content: EmptyByteBufBE)
GET /wd/hub/session/4809d82c-12fe-4ef0-8dbe-5f1d9ffb354f/element/00000000-0000-0653-0000-002500000000/enabled HTTP/1.1
User-Agent: appium/8.3.0 (selenium/4.8.1 (java windows))
Cache-Control: no-cache
Content-Type: application/json; charset=utf-8
host: 0.0.0.0:4723
accept: */*

Response DefaultHttpResponse(decodeResult: success, version: HTTP/1.1)
HTTP/1.1 200 OK
X-Powered-By: Express
Content-Type: application/json; charset=utf-8
Content-Length: 14
ETag: W/"e-2ZHvAWebNQpyjGZTg6uyV8/spTo"
Date: Fri, 12 May 2023 13:22:59 GMT
Connection: keep-alive
Keep-Alive: timeout=600

20:22:59.291 [AsyncHttpClient-1-2] DEBUG org.asynchttpclient.netty.channel.ChannelManager - Adding key: http://0.0.0.0:4723 for channel [id: 0x40f87952, L:/192.168.56.1:54510 - R:/0.0.0.0:4723]
20:22:59.296 [Forwarding clickElement on session 4809d82c-12fe-4ef0-8dbe-5f1d9ffb354f to remote] DEBUG org.asynchttpclient.netty.request.NettyRequestSender - Using pooled Channel '[id: 0x40f87952, L:/192.168.56.1:54510 - R:/0.0.0.0:4723]' for 'POST' to 'http://0.0.0.0:4723/wd/hub/session/4809d82c-12fe-4ef0-8dbe-5f1d9ffb354f/element/00000000-0000-0653-0000-002500000000/click'
20:22:59.297 [Forwarding clickElement on session 4809d82c-12fe-4ef0-8dbe-5f1d9ffb354f to remote] DEBUG org.asynchttpclient.netty.request.NettyRequestSender - Using open Channel [id: 0x40f87952, L:/192.168.56.1:54510 - R:/0.0.0.0:4723] for POST '/wd/hub/session/4809d82c-12fe-4ef0-8dbe-5f1d9ffb354f/element/00000000-0000-0653-0000-002500000000/click'
20:22:59.418 [AsyncHttpClient-1-2] DEBUG org.asynchttpclient.netty.handler.HttpHandler - 

Request DefaultHttpRequest(decodeResult: success, version: HTTP/1.1)
POST /wd/hub/session/4809d82c-12fe-4ef0-8dbe-5f1d9ffb354f/element/00000000-0000-0653-0000-002500000000/click HTTP/1.1
User-Agent: appium/8.3.0 (selenium/4.8.1 (java windows))
Content-Length: 50
Content-Type: application/json; charset=utf-8
host: 0.0.0.0:4723
accept: */*

Response DefaultHttpResponse(decodeResult: success, version: HTTP/1.1)
HTTP/1.1 200 OK
X-Powered-By: Express
Vary: X-HTTP-Method-Override
Content-Type: application/json; charset=utf-8
Content-Length: 14
ETag: W/"e-9/1BuKMgFObM1mWJm+YjxtXJnUM"
Date: Fri, 12 May 2023 13:22:59 GMT
Connection: keep-alive
Keep-Alive: timeout=600

20:22:59.418 [AsyncHttpClient-1-2] DEBUG org.asynchttpclient.netty.channel.ChannelManager - Adding key: http://0.0.0.0:4723 for channel [id: 0x40f87952, L:/192.168.56.1:54510 - R:/0.0.0.0:4723]
20:22:59.422 [main] DEBUG net.thucydides.core.steps.StepInterceptor - STEP DONE: tapLoginButton
]]></system-out>
  </testcase>
  <testcase name="user can see hompegae and list products" classname="As a user i can login with valid credential" time="0.757">
    <system-out><![CDATA[20:22:59.447 [main] DEBUG net.thucydides.core.steps.StepInterceptor - STARTING STEP: UserSteps.userSuccessLogin - onHomepage
20:22:59.452 [Forwarding findElement on session 4809d82c-12fe-4ef0-8dbe-5f1d9ffb354f to remote] DEBUG org.asynchttpclient.netty.request.NettyRequestSender - Using pooled Channel '[id: 0x40f87952, L:/192.168.56.1:54510 - R:/0.0.0.0:4723]' for 'POST' to 'http://0.0.0.0:4723/wd/hub/session/4809d82c-12fe-4ef0-8dbe-5f1d9ffb354f/element'
20:22:59.453 [Forwarding findElement on session 4809d82c-12fe-4ef0-8dbe-5f1d9ffb354f to remote] DEBUG org.asynchttpclient.netty.request.NettyRequestSender - Using open Channel [id: 0x40f87952, L:/192.168.56.1:54510 - R:/0.0.0.0:4723] for POST '/wd/hub/session/4809d82c-12fe-4ef0-8dbe-5f1d9ffb354f/element'
20:22:59.734 [AsyncHttpClient-1-2] DEBUG org.asynchttpclient.netty.handler.HttpHandler - 

Request DefaultHttpRequest(decodeResult: success, version: HTTP/1.1)
POST /wd/hub/session/4809d82c-12fe-4ef0-8dbe-5f1d9ffb354f/element HTTP/1.1
User-Agent: appium/8.3.0 (selenium/4.8.1 (java windows))
Content-Length: 299
Content-Type: application/json; charset=utf-8
host: 0.0.0.0:4723
accept: */*

Response DefaultHttpResponse(decodeResult: success, version: HTTP/1.1)
HTTP/1.1 200 OK
X-Powered-By: Express
Vary: X-HTTP-Method-Override
Content-Type: application/json; charset=utf-8
Content-Length: 137
ETag: W/"89-CdRSE6wwtxjuSwZBHgYSmBWRwuI"
Date: Fri, 12 May 2023 13:22:59 GMT
Connection: keep-alive
Keep-Alive: timeout=600

20:22:59.734 [AsyncHttpClient-1-2] DEBUG org.asynchttpclient.netty.channel.ChannelManager - Adding key: http://0.0.0.0:4723 for channel [id: 0x40f87952, L:/192.168.56.1:54510 - R:/0.0.0.0:4723]
20:22:59.743 [Forwarding isElementDisplayed on session 4809d82c-12fe-4ef0-8dbe-5f1d9ffb354f to remote] DEBUG org.asynchttpclient.netty.request.NettyRequestSender - Using pooled Channel '[id: 0x40f87952, L:/192.168.56.1:54510 - R:/0.0.0.0:4723]' for 'GET' to 'http://0.0.0.0:4723/wd/hub/session/4809d82c-12fe-4ef0-8dbe-5f1d9ffb354f/element/00000000-0000-0653-0000-002800000000/displayed'
20:22:59.744 [Forwarding isElementDisplayed on session 4809d82c-12fe-4ef0-8dbe-5f1d9ffb354f to remote] DEBUG org.asynchttpclient.netty.request.NettyRequestSender - Using open Channel [id: 0x40f87952, L:/192.168.56.1:54510 - R:/0.0.0.0:4723] for GET '/wd/hub/session/4809d82c-12fe-4ef0-8dbe-5f1d9ffb354f/element/00000000-0000-0653-0000-002800000000/displayed'
20:23:00.083 [AsyncHttpClient-1-2] DEBUG org.asynchttpclient.netty.handler.HttpHandler - 

Request DefaultFullHttpRequest(decodeResult: success, version: HTTP/1.1, content: EmptyByteBufBE)
GET /wd/hub/session/4809d82c-12fe-4ef0-8dbe-5f1d9ffb354f/element/00000000-0000-0653-0000-002800000000/displayed HTTP/1.1
User-Agent: appium/8.3.0 (selenium/4.8.1 (java windows))
Cache-Control: no-cache
Content-Type: application/json; charset=utf-8
host: 0.0.0.0:4723
accept: */*

Response DefaultHttpResponse(decodeResult: success, version: HTTP/1.1)
HTTP/1.1 200 OK
X-Powered-By: Express
Content-Type: application/json; charset=utf-8
Content-Length: 14
ETag: W/"e-2ZHvAWebNQpyjGZTg6uyV8/spTo"
Date: Fri, 12 May 2023 13:23:00 GMT
Connection: keep-alive
Keep-Alive: timeout=600

20:23:00.084 [AsyncHttpClient-1-2] DEBUG org.asynchttpclient.netty.channel.ChannelManager - Adding key: http://0.0.0.0:4723 for channel [id: 0x40f87952, L:/192.168.56.1:54510 - R:/0.0.0.0:4723]
20:23:00.087 [Forwarding getElementText on session 4809d82c-12fe-4ef0-8dbe-5f1d9ffb354f to remote] DEBUG org.asynchttpclient.netty.request.NettyRequestSender - Using pooled Channel '[id: 0x40f87952, L:/192.168.56.1:54510 - R:/0.0.0.0:4723]' for 'GET' to 'http://0.0.0.0:4723/wd/hub/session/4809d82c-12fe-4ef0-8dbe-5f1d9ffb354f/element/00000000-0000-0653-0000-002800000000/text'
20:23:00.087 [Forwarding getElementText on session 4809d82c-12fe-4ef0-8dbe-5f1d9ffb354f to remote] DEBUG org.asynchttpclient.netty.request.NettyRequestSender - Using open Channel [id: 0x40f87952, L:/192.168.56.1:54510 - R:/0.0.0.0:4723] for GET '/wd/hub/session/4809d82c-12fe-4ef0-8dbe-5f1d9ffb354f/element/00000000-0000-0653-0000-002800000000/text'
20:23:00.184 [AsyncHttpClient-1-2] DEBUG org.asynchttpclient.netty.handler.HttpHandler - 

Request DefaultFullHttpRequest(decodeResult: success, version: HTTP/1.1, content: EmptyByteBufBE)
GET /wd/hub/session/4809d82c-12fe-4ef0-8dbe-5f1d9ffb354f/element/00000000-0000-0653-0000-002800000000/text HTTP/1.1
User-Agent: appium/8.3.0 (selenium/4.8.1 (java windows))
Cache-Control: no-cache
Content-Type: application/json; charset=utf-8
host: 0.0.0.0:4723
accept: */*

Response DefaultHttpResponse(decodeResult: success, version: HTTP/1.1)
HTTP/1.1 200 OK
X-Powered-By: Express
Content-Type: application/json; charset=utf-8
Content-Length: 63
ETag: W/"3f-NK2HgIqeA+Xa1hgrpPasCHZ84PU"
Date: Fri, 12 May 2023 13:23:00 GMT
Connection: keep-alive
Keep-Alive: timeout=600

20:23:00.186 [AsyncHttpClient-1-2] DEBUG org.asynchttpclient.netty.channel.ChannelManager - Adding key: http://0.0.0.0:4723 for channel [id: 0x40f87952, L:/192.168.56.1:54510 - R:/0.0.0.0:4723]
20:23:00.192 [main] DEBUG net.thucydides.core.steps.StepInterceptor - STEP DONE: onHomepage
]]></system-out>
  </testcase>
</testsuite>